Build started 3/1/2016 2:51:54 PM.
     1>Project "C:\Users\obser\OneDrive\Documents\working\FDTD\CUDA-FDTD-1D\OriginalNoSSE\OriginalNoSSE\OriginalNoSSE.vcxproj" on node 2 (Build target(s)).
     1>ClCompile:
         C:\Program Files (x86)\Microsoft Visual Studio 12.0\VC\bin\CL.exe /c /ZI /nologo /W3 /WX- /Od /Oy- /D WIN32 /D _DEBUG /D _CONSOLE /D _LIB /D _UNICODE /D UNICODE /Gm /EHsc /RTC1 /MDd /GS /fp:precise /Zc:wchar_t /Zc:forScope /Fo"Debug\\" /Fd"Debug\vc120.pdb" /Gd /TP /analyze- /errorReport:prompt Ex.cpp Hy.cpp boundary.cpp
         boundary.cpp
         Hy.cpp
         Ex.cpp
     1>c:\users\obser\onedrive\documents\working\fdtd\cuda-fdtd-1d\originalnosse\originalnosse\ex.cpp(10): warning C4305: 'initializing' : truncation from 'double' to 'const float'
         Generating Code...
       Link:
         C:\Program Files (x86)\Microsoft Visual Studio 12.0\VC\bin\link.exe /ERRORREPORT:PROMPT /OUT:"C:\Users\obser\OneDrive\Documents\working\FDTD\CUDA-FDTD-1D\OriginalNoSSE\Debug\OriginalNoSSE.exe" /INCREMENTAL /NOLOGO kernel32.lib user32.lib gdi32.lib winspool.lib comdlg32.lib advapi32.lib shell32.lib ole32.lib oleaut32.lib uuid.lib odbc32.lib odbccp32.lib /MANIFEST /MANIFESTUAC:"level='asInvoker' uiAccess='false'" /manifest:embed /DEBUG /PDB:"C:\Users\obser\OneDrive\Documents\working\FDTD\CUDA-FDTD-1D\OriginalNoSSE\Debug\OriginalNoSSE.pdb" /SUBSYSTEM:CONSOLE /TLBID:1 /DYNAMICBASE /NXCOMPAT /IMPLIB:"C:\Users\obser\OneDrive\Documents\working\FDTD\CUDA-FDTD-1D\OriginalNoSSE\Debug\OriginalNoSSE.lib" /MACHINE:X86 Debug\boundary.obj
         Debug\compute.obj
         Debug\Ex.obj
         Debug\Hy.obj
         Debug\input.obj
         Debug\main.obj
         Debug\save2file.obj
         Debug\source.obj
         OriginalNoSSE.vcxproj -> C:\Users\obser\OneDrive\Documents\working\FDTD\CUDA-FDTD-1D\OriginalNoSSE\Debug\OriginalNoSSE.exe
     1>Done Building Project "C:\Users\obser\OneDrive\Documents\working\FDTD\CUDA-FDTD-1D\OriginalNoSSE\OriginalNoSSE\OriginalNoSSE.vcxproj" (Build target(s)).

Build succeeded.

Time Elapsed 00:00:01.25
